<?xml version="1.0" encoding="UTF-8"?>
<testng-results skipped="0" failed="0" ignored="0" total="1" passed="1">
  <reporter-output>
  </reporter-output>
  <suite name="Default suite" duration-ms="930" started-at="2021-12-15T21:29:56 EST" finished-at="2021-12-15T21:29:57 EST">
    <groups>
    </groups>
    <test name="Default test" duration-ms="930" started-at="2021-12-15T21:29:56 EST" finished-at="2021-12-15T21:29:57 EST">
      <class name="ReadWriteData.ExcelData.ReadData">
        <test-method status="PASS" signature="readData()[pri:0, instance:ReadWriteData.ExcelData.ReadData@10bbd20a]" name="readData" duration-ms="876" started-at="2021-12-15T21:29:57 EST" finished-at="2021-12-15T21:29:57 EST">
          <reporter-output>
          </reporter-output>
        </test-method> <!-- readData -->
      </class> <!-- ReadWriteData.ExcelData.ReadData -->
    </test> <!-- Default test -->
  </suite> <!-- Default suite -->
</testng-results>
