<?xml version="1.0" encoding="UTF-8"?>
<testng-results skipped="0" failed="0" ignored="0" total="1" passed="1">
  <reporter-output>
  </reporter-output>
  <suite name="Default suite" duration-ms="788" started-at="2021-12-13T23:08:04 EST" finished-at="2021-12-13T23:08:05 EST">
    <groups>
    </groups>
    <test name="Default test" duration-ms="788" started-at="2021-12-13T23:08:04 EST" finished-at="2021-12-13T23:08:05 EST">
      <class name="ReadWriteData.ExcelData.WriteData">
        <test-method status="PASS" signature="writeData()[pri:0, instance:ReadWriteData.ExcelData.WriteData@1f7030a6]" name="writeData" duration-ms="740" started-at="2021-12-13T23:08:04 EST" finished-at="2021-12-13T23:08:05 EST">
          <reporter-output>
          </reporter-output>
        </test-method> <!-- writeData -->
      </class> <!-- ReadWriteData.ExcelData.WriteData -->
    </test> <!-- Default test -->
  </suite> <!-- Default suite -->
</testng-results>
