<?xml version="1.0" encoding="UTF-8"?>
<!-- Generated by org.testng.reporters.JUnitXMLReporter -->
<testsuite hostname="khosruzs-MBP.lan" ignored="0" name="Test" tests="7" failures="2" timestamp="2021-12-07T21:56:53 EST" time="0.122" errors="0">
  <testcase name="finalTest" time="0.01" classname="com.Home.FirstUse"/>
  <testcase name="finalTest2" time="0.001" classname="com.Home.FirstUse"/>
  <testcase name="pTest" time="0.0" classname="com.Home.FirstUse">
    <failure type="org.testng.TestNGException" message="
Cannot inject @Test annotated Method [pTest] with [class java.lang.String].
For more information on native dependency injection please refer to https://testng.org/doc/documentation-main.html#native-dependency-injection">
      <![CDATA[org.testng.TestNGException: 
Cannot inject @Test annotated Method [pTest] with [class java.lang.String].
For more information on native dependency injection please refer to https://testng.org/doc/documentation-main.html#native-dependency-injection
at java.util.ArrayList.forEach(ArrayList.java:1259)
... Removed 26 stack frames]]>
    </failure>
  </testcase> <!-- pTest -->
  <testcase name="addition" time="0.0" classname="com.Home.GroupsTest">
    <failure type="org.testng.TestNGException" message="
Cannot inject @Test annotated Method [addition] with [int, int, int].
For more information on native dependency injection please refer to https://testng.org/doc/documentation-main.html#native-dependency-injection">
      <![CDATA[org.testng.TestNGException: 
Cannot inject @Test annotated Method [addition] with [int, int, int].
For more information on native dependency injection please refer to https://testng.org/doc/documentation-main.html#native-dependency-injection
at java.util.ArrayList.forEach(ArrayList.java:1259)
... Removed 26 stack frames]]>
    </failure>
  </testcase> <!-- addition -->
  <testcase name="userTest" time="0.001" classname="com.Home.DataProviderFinal"/>
  <testcase name="userTest" time="0.001" classname="com.Home.DataProviderFinal"/>
  <testcase name="userTest" time="0.001" classname="com.Home.DataProviderFinal"/>
</testsuite> <!-- Test -->
